<?xml version="1.0" encoding="UTF-8"?>
<!-- Generated by org.testng.reporters.JUnitXMLReporter -->
<testsuite ignored="0" hostname="piyushj-ltmgm26.internal.salesforce.com" failures="1" tests="3" name="Error Validations Test" time="24.025" errors="0" timestamp="2024-03-29T11:59:48 IST">
  <testcase classname="learningSeleniumFramework.tests.ErrorValidationTest" name="loginErrorValidation" time="2.71">
    <skipped/>
  </testcase> <!-- loginErrorValidation -->
  <testcase classname="learningSeleniumFramework.tests.ErrorValidationTest" name="loginErrorValidation" time="0.85">
    <failure type="java.lang.AssertionError" message="expected:&amp;lt;Incorrect email or password.&amp;gt; but was:&amp;lt;Incorrect email password.&amp;gt;">
      <![CDATA[java.lang.AssertionError: expected:<Incorrect email or password.> but was:<Incorrect email password.>
at learningSeleniumFramework.tests.ErrorValidationTest.loginErrorValidation(ErrorValidationTest.java:20)
at java.base/java.util.ArrayList.forEach(ArrayList.java:1596)
at java.base/java.util.concurrent.FutureTask.run(FutureTask.java:317)
at java.base/java.util.concurrent.ThreadPoolExecutor.runWorker(ThreadPoolExecutor.java:1144)
at java.base/java.util.concurrent.ThreadPoolExecutor$Worker.run(ThreadPoolExecutor.java:642)
at java.base/java.lang.Thread.run(Thread.java:1583)
... Removed 17 stack frames]]>
    </failure>
  </testcase> <!-- loginErrorValidation -->
  <testcase classname="learningSeleniumFramework.tests.ErrorValidationTest" name="productErrorValidation" time="12.565"/>
</testsuite> <!-- Error Validations Test -->
